Command line:
   blinkTB_isim_beh.exe
     -simmode  gui
     -simrunnum  0
     -socket  53484

Fri Jan 07 10:55:12 2022


 Elaboration Time: 0.125 sec

 Current Memory Usage: 5813 Meg

 Total Signals          : 16
 Total Nets             : 15
 Total Signal Drivers   : 7
 Total Blocks           : 3
 Total Primitive Blocks : 2
 Total Processes        : 12
 Total Traceable Variables  : 22
 Total Scalar Nets and Variables : 161
Total Line Count : 29
Total Line Count : 29

 Total Simulation Time: 24.4063 sec

 Current Memory Usage: 5812.97 Meg

Fri Jan 07 10:56:00 2022

