Command line:
   tb_blink_isim_beh.exe
     -simmode  gui
     -simrunnum  0
     -socket  53492

Fri Jan 07 10:57:07 2022


 Elaboration Time: 0.0625 sec

 Current Memory Usage: 5814.58 Meg

 Total Signals          : 16
 Total Nets             : 15
 Total Signal Drivers   : 7
 Total Blocks           : 3
 Total Primitive Blocks : 2
 Total Processes        : 12
 Total Traceable Variables  : 22
 Total Scalar Nets and Variables : 161
Total Line Count : 29
Total Line Count : 29
Total Line Count : 29

 Total Simulation Time: 88.5313 sec

 Current Memory Usage: 4713.54 Meg

Fri Jan 07 11:20:49 2022

